build/app/intermediates/manifest_merge_blame_file/debug/processDebugMainManifest/manifest-merger-blame-debug-report.txt
1<?xml version="1.0" encoding="utf-8"?>
2<manifest xmlns:android="http://schemas.android.com/apk/res/android"
3    package="com.example.agrova"
4    android:versionCode="1"
5    android:versionName="1.0.0" >
6
7    <uses-sdk
8        android:minSdkVersion="23"
9        android:targetSdkVersion="35" />
10    <!--
11         The INTERNET permission is required for development. Specifically,
12         the Flutter tool needs it to communicate with the running application
13         to allow setting breakpoints, to provide hot reload, etc.
14    -->
15    <uses-permission android:name="android.permission.INTERNET" />
15-->src\main\AndroidManifest.xml:3:5-67
15-->src\main\AndroidManifest.xml:3:22-64
16    <!--
17     Required to query activities that can process text, see:
18         https://developer.android.com/training/package-visibility and
19         https://developer.android.com/reference/android/content/Intent#ACTION_PROCESS_TEXT.
20
21         In particular, this is used by the Flutter engine in io.flutter.plugin.text.ProcessTextPlugin.
22    -->
23    <queries>
23-->src\main\AndroidManifest.xml:42:5-57:15
24        <intent>
24-->src\main\AndroidManifest.xml:43:9-46:18
25            <action android:name="android.intent.action.PROCESS_TEXT" />
25-->src\main\AndroidManifest.xml:44:13-72
25-->src\main\AndroidManifest.xml:44:21-70
26
27            <data android:mimeType="text/plain" />
27-->src\main\AndroidManifest.xml:45:13-50
27-->src\main\AndroidManifest.xml:45:19-48
28        </intent>
29        <intent>
29-->src\main\AndroidManifest.xml:47:8-51:18
30            <action android:name="android.intent.action.VIEW" />
30-->src\main\AndroidManifest.xml:48:13-65
30-->src\main\AndroidManifest.xml:48:21-62
31
32            <category android:name="android.intent.category.BROWSABLE" />
32-->src\main\AndroidManifest.xml:49:13-74
32-->src\main\AndroidManifest.xml:49:23-71
33
34            <data android:scheme="https" />
34-->src\main\AndroidManifest.xml:45:13-50
35        </intent>
36        <intent>
36-->src\main\AndroidManifest.xml:52:9-56:18
37            <action android:name="android.intent.action.VIEW" />
37-->src\main\AndroidManifest.xml:48:13-65
37-->src\main\AndroidManifest.xml:48:21-62
38
39            <category android:name="android.intent.category.BROWSABLE" />
39-->src\main\AndroidManifest.xml:49:13-74
39-->src\main\AndroidManifest.xml:49:23-71
40
41            <data android:scheme="http" />
41-->src\main\AndroidManifest.xml:45:13-50
42        </intent>
43    </queries>
44
45    <uses-permission android:name="android.permission.ACCESS_NETWORK_STATE" />
45-->[com.google.firebase:firebase-auth:23.2.0] AndroidManifest.xml:26:5-79
45-->[com.google.firebase:firebase-auth:23.2.0] AndroidManifest.xml:26:22-76
46    <uses-permission android:name="com.google.android.providers.gsf.permission.READ_GSERVICES" />
46-->[com.google.android.recaptcha:recaptcha:18.6.1] AndroidManifest.xml:9:5-98
46-->[com.google.android.recaptcha:recaptcha:18.6.1] AndroidManifest.xml:9:22-95
47
48    <permission
48-->[androidx.core:core:1.13.1] AndroidManifest.xml:22:5-24:47
49        android:name="com.example.agrova.DYNAMIC_RECEIVER_NOT_EXPORTED_PERMISSION"
49-->[androidx.core:core:1.13.1] AndroidManifest.xml:23:9-81
50        android:protectionLevel="signature" />
50-->[androidx.core:core:1.13.1] AndroidManifest.xml:24:9-44
51
52    <uses-permission android:name="com.example.agrova.DYNAMIC_RECEIVER_NOT_EXPORTED_PERMISSION" />
52-->[androidx.core:core:1.13.1] AndroidManifest.xml:26:5-97
52-->[androidx.core:core:1.13.1] AndroidManifest.xml:26:22-94
53
54    <application
55        android:name="android.app.Application"
56        android:appComponentFactory="androidx.core.app.CoreComponentFactory"
56-->[androidx.core:core:1.13.1] AndroidManifest.xml:28:18-86
57        android:debuggable="true"
58        android:extractNativeLibs="false"
59        android:icon="@mipmap/ic_launcher"
60        android:label="agrova" >
61        <activity
62            android:name="com.example.agrova.MainActivity"
63            android:configChanges="orientation|keyboardHidden|keyboard|screenSize|smallestScreenSize|locale|layoutDirection|fontScale|screenLayout|density|uiMode"
64            android:exported="true"
65            android:hardwareAccelerated="true"
66            android:launchMode="singleTop"
67            android:taskAffinity=""
68            android:theme="@style/LaunchTheme"
69            android:windowSoftInputMode="adjustResize" >
70
71            <!--
72                 Specifies an Android theme to apply to this Activity as soon as
73                 the Android process has started. This theme is visible to the user
74                 while the Flutter UI initializes. After that, this theme continues
75                 to determine the Window background behind the Flutter UI.
76            -->
77            <meta-data
78                android:name="io.flutter.embedding.android.NormalTheme"
79                android:resource="@style/NormalTheme" />
80
81            <intent-filter>
82                <action android:name="android.intent.action.MAIN" />
83
84                <category android:name="android.intent.category.LAUNCHER" />
85            </intent-filter>
86        </activity>
87        <!--
88             Don't delete the meta-data below.
89             This is used by the Flutter tool to generate GeneratedPluginRegistrant.java
90        -->
91        <meta-data
92            android:name="flutterEmbedding"
93            android:value="2" />
94
95        <service
95-->[:firebase_auth] AndroidManifest.xml:8:9-12:19
96            android:name="com.google.firebase.components.ComponentDiscoveryService"
96-->[:firebase_auth] AndroidManifest.xml:8:18-89
97            android:directBootAware="true"
97-->[com.google.firebase:firebase-common:21.0.0] AndroidManifest.xml:32:13-43
98            android:exported="false" >
98-->[com.google.firebase:firebase-auth:23.2.0] AndroidManifest.xml:68:13-37
99            <meta-data
99-->[:firebase_auth] AndroidManifest.xml:9:13-11:85
100                android:name="com.google.firebase.components:io.flutter.plugins.firebase.auth.FlutterFirebaseAuthRegistrar"
100-->[:firebase_auth] AndroidManifest.xml:10:17-124
101                android:value="com.google.firebase.components.ComponentRegistrar" />
101-->[:firebase_auth] AndroidManifest.xml:11:17-82
102            <meta-data
102-->[:firebase_core] AndroidManifest.xml:9:13-11:85
103                android:name="com.google.firebase.components:io.flutter.plugins.firebase.core.FlutterFirebaseCoreRegistrar"
103-->[:firebase_core] AndroidManifest.xml:10:17-124
104                android:value="com.google.firebase.components.ComponentRegistrar" />
104-->[:firebase_core] AndroidManifest.xml:11:17-82
105            <meta-data
105-->[com.google.firebase:firebase-auth:23.2.0] AndroidManifest.xml:69:13-71:85
106                android:name="com.google.firebase.components:com.google.firebase.auth.FirebaseAuthRegistrar"
106-->[com.google.firebase:firebase-auth:23.2.0] AndroidManifest.xml:70:17-109
107                android:value="com.google.firebase.components.ComponentRegistrar" />
107-->[com.google.firebase:firebase-auth:23.2.0] AndroidManifest.xml:71:17-82
108            <meta-data
108-->[com.google.firebase:firebase-common-ktx:21.0.0] AndroidManifest.xml:12:13-14:85
109                android:name="com.google.firebase.components:com.google.firebase.ktx.FirebaseCommonLegacyRegistrar"
109-->[com.google.firebase:firebase-common-ktx:21.0.0] AndroidManifest.xml:13:17-116
110                android:value="com.google.firebase.components.ComponentRegistrar" />
110-->[com.google.firebase:firebase-common-ktx:21.0.0] AndroidManifest.xml:14:17-82
111            <meta-data
111-->[com.google.firebase:firebase-common:21.0.0] AndroidManifest.xml:35:13-37:85
112                android:name="com.google.firebase.components:com.google.firebase.FirebaseCommonKtxRegistrar"
112-->[com.google.firebase:firebase-common:21.0.0] AndroidManifest.xml:36:17-109
113                android:value="com.google.firebase.components.ComponentRegistrar" />
113-->[com.google.firebase:firebase-common:21.0.0] AndroidManifest.xml:37:17-82
114        </service>
115
116        <activity
116-->[com.google.firebase:firebase-auth:23.2.0] AndroidManifest.xml:29:9-46:20
117            android:name="com.google.firebase.auth.internal.GenericIdpActivity"
117-->[com.google.firebase:firebase-auth:23.2.0] AndroidManifest.xml:30:13-80
118            android:excludeFromRecents="true"
118-->[com.google.firebase:firebase-auth:23.2.0] AndroidManifest.xml:31:13-46
119            android:exported="true"
119-->[com.google.firebase:firebase-auth:23.2.0] AndroidManifest.xml:32:13-36
120            android:launchMode="singleTask"
120-->[com.google.firebase:firebase-auth:23.2.0] AndroidManifest.xml:33:13-44
121            android:theme="@android:style/Theme.Translucent.NoTitleBar" >
121-->[com.google.firebase:firebase-auth:23.2.0] AndroidManifest.xml:34:13-72
122            <intent-filter>
122-->[com.google.firebase:firebase-auth:23.2.0] AndroidManifest.xml:35:13-45:29
123                <action android:name="android.intent.action.VIEW" />
123-->src\main\AndroidManifest.xml:48:13-65
123-->src\main\AndroidManifest.xml:48:21-62
124
125                <category android:name="android.intent.category.DEFAULT" />
125-->[com.google.firebase:firebase-auth:23.2.0] AndroidManifest.xml:38:17-76
125-->[com.google.firebase:firebase-auth:23.2.0] AndroidManifest.xml:38:27-73
126                <category android:name="android.intent.category.BROWSABLE" />
126-->src\main\AndroidManifest.xml:49:13-74
126-->src\main\AndroidManifest.xml:49:23-71
127
128                <data
128-->src\main\AndroidManifest.xml:45:13-50
129                    android:host="firebase.auth"
130                    android:path="/"
131                    android:scheme="genericidp" />
132            </intent-filter>
133        </activity>
134        <activity
134-->[com.google.firebase:firebase-auth:23.2.0] AndroidManifest.xml:47:9-64:20
135            android:name="com.google.firebase.auth.internal.RecaptchaActivity"
135-->[com.google.firebase:firebase-auth:23.2.0] AndroidManifest.xml:48:13-79
136            android:excludeFromRecents="true"
136-->[com.google.firebase:firebase-auth:23.2.0] AndroidManifest.xml:49:13-46
137            android:exported="true"
137-->[com.google.firebase:firebase-auth:23.2.0] AndroidManifest.xml:50:13-36
138            android:launchMode="singleTask"
138-->[com.google.firebase:firebase-auth:23.2.0] AndroidManifest.xml:51:13-44
139            android:theme="@android:style/Theme.Translucent.NoTitleBar" >
139-->[com.google.firebase:firebase-auth:23.2.0] AndroidManifest.xml:52:13-72
140            <intent-filter>
140-->[com.google.firebase:firebase-auth:23.2.0] AndroidManifest.xml:53:13-63:29
141                <action android:name="android.intent.action.VIEW" />
141-->src\main\AndroidManifest.xml:48:13-65
141-->src\main\AndroidManifest.xml:48:21-62
142
143                <category android:name="android.intent.category.DEFAULT" />
143-->[com.google.firebase:firebase-auth:23.2.0] AndroidManifest.xml:38:17-76
143-->[com.google.firebase:firebase-auth:23.2.0] AndroidManifest.xml:38:27-73
144                <category android:name="android.intent.category.BROWSABLE" />
144-->src\main\AndroidManifest.xml:49:13-74
144-->src\main\AndroidManifest.xml:49:23-71
145
146                <data
146-->src\main\AndroidManifest.xml:45:13-50
147                    android:host="firebase.auth"
148                    android:path="/"
149                    android:scheme="recaptcha" />
150            </intent-filter>
151        </activity>
152        <activity
152-->[:url_launcher_android] AndroidManifest.xml:8:9-11:74
153            android:name="io.flutter.plugins.urllauncher.WebViewActivity"
153-->[:url_launcher_android] AndroidManifest.xml:9:13-74
154            android:exported="false"
154-->[:url_launcher_android] AndroidManifest.xml:10:13-37
155            android:theme="@android:style/Theme.NoTitleBar.Fullscreen" />
155-->[:url_launcher_android] AndroidManifest.xml:11:13-71
156
157        <uses-library
157-->[androidx.window:window:1.2.0] AndroidManifest.xml:23:9-25:40
158            android:name="androidx.window.extensions"
158-->[androidx.window:window:1.2.0] AndroidManifest.xml:24:13-54
159            android:required="false" />
159-->[androidx.window:window:1.2.0] AndroidManifest.xml:25:13-37
160        <uses-library
160-->[androidx.window:window:1.2.0] AndroidManifest.xml:26:9-28:40
161            android:name="androidx.window.sidecar"
161-->[androidx.window:window:1.2.0] AndroidManifest.xml:27:13-51
162            android:required="false" />
162-->[androidx.window:window:1.2.0] AndroidManifest.xml:28:13-37
163
164        <provider
164-->[com.google.firebase:firebase-common:21.0.0] AndroidManifest.xml:23:9-28:39
165            android:name="com.google.firebase.provider.FirebaseInitProvider"
165-->[com.google.firebase:firebase-common:21.0.0] AndroidManifest.xml:24:13-77
166            android:authorities="com.example.agrova.firebaseinitprovider"
166-->[com.google.firebase:firebase-common:21.0.0] AndroidManifest.xml:25:13-72
167            android:directBootAware="true"
167-->[com.google.firebase:firebase-common:21.0.0] AndroidManifest.xml:26:13-43
168            android:exported="false"
168-->[com.google.firebase:firebase-common:21.0.0] AndroidManifest.xml:27:13-37
169            android:initOrder="100" />
169-->[com.google.firebase:firebase-common:21.0.0] AndroidManifest.xml:28:13-36
170
171        <service
171-->[androidx.credentials:credentials-play-services-auth:1.2.0-rc01] AndroidManifest.xml:24:9-32:19
172            android:name="androidx.credentials.playservices.CredentialProviderMetadataHolder"
172-->[androidx.credentials:credentials-play-services-auth:1.2.0-rc01] AndroidManifest.xml:25:13-94
173            android:enabled="true"
173-->[androidx.credentials:credentials-play-services-auth:1.2.0-rc01] AndroidManifest.xml:26:13-35
174            android:exported="false" >
174-->[androidx.credentials:credentials-play-services-auth:1.2.0-rc01] AndroidManifest.xml:27:13-37
175            <meta-data
175-->[androidx.credentials:credentials-play-services-auth:1.2.0-rc01] AndroidManifest.xml:29:13-31:104
176                android:name="androidx.credentials.CREDENTIAL_PROVIDER_KEY"
176-->[androidx.credentials:credentials-play-services-auth:1.2.0-rc01] AndroidManifest.xml:30:17-76
177                android:value="androidx.credentials.playservices.CredentialProviderPlayServicesImpl" />
177-->[androidx.credentials:credentials-play-services-auth:1.2.0-rc01] AndroidManifest.xml:31:17-101
178        </service>
179
180        <activity
180-->[androidx.credentials:credentials-play-services-auth:1.2.0-rc01] AndroidManifest.xml:34:9-41:20
181            android:name="androidx.credentials.playservices.HiddenActivity"
181-->[androidx.credentials:credentials-play-services-auth:1.2.0-rc01] AndroidManifest.xml:35:13-76
182            android:configChanges="orientation|screenSize|screenLayout|keyboardHidden"
182-->[androidx.credentials:credentials-play-services-auth:1.2.0-rc01] AndroidManifest.xml:36:13-87
183            android:enabled="true"
183-->[androidx.credentials:credentials-play-services-auth:1.2.0-rc01] AndroidManifest.xml:37:13-35
184            android:exported="false"
184-->[androidx.credentials:credentials-play-services-auth:1.2.0-rc01] AndroidManifest.xml:38:13-37
185            android:fitsSystemWindows="true"
185-->[androidx.credentials:credentials-play-services-auth:1.2.0-rc01] AndroidManifest.xml:39:13-45
186            android:theme="@style/Theme.Hidden" >
186-->[androidx.credentials:credentials-play-services-auth:1.2.0-rc01] AndroidManifest.xml:40:13-48
187        </activity>
188        <activity
188-->[com.google.android.gms:play-services-auth:20.7.0] AndroidManifest.xml:23:9-27:75
189            android:name="com.google.android.gms.auth.api.signin.internal.SignInHubActivity"
189-->[com.google.android.gms:play-services-auth:20.7.0] AndroidManifest.xml:24:13-93
190            android:excludeFromRecents="true"
190-->[com.google.android.gms:play-services-auth:20.7.0] AndroidManifest.xml:25:13-46
191            android:exported="false"
191-->[com.google.android.gms:play-services-auth:20.7.0] AndroidManifest.xml:26:13-37
192            android:theme="@android:style/Theme.Translucent.NoTitleBar" />
192-->[com.google.android.gms:play-services-auth:20.7.0] AndroidManifest.xml:27:13-72
193        <!--
194            Service handling Google Sign-In user revocation. For apps that do not integrate with
195            Google Sign-In, this service will never be started.
196        -->
197        <service
197-->[com.google.android.gms:play-services-auth:20.7.0] AndroidManifest.xml:33:9-37:51
198            android:name="com.google.android.gms.auth.api.signin.RevocationBoundService"
198-->[com.google.android.gms:play-services-auth:20.7.0] AndroidManifest.xml:34:13-89
199            android:exported="true"
199-->[com.google.android.gms:play-services-auth:20.7.0] AndroidManifest.xml:35:13-36
200            android:permission="com.google.android.gms.auth.api.signin.permission.REVOCATION_NOTIFICATION"
200-->[com.google.android.gms:play-services-auth:20.7.0] AndroidManifest.xml:36:13-107
201            android:visibleToInstantApps="true" />
201-->[com.google.android.gms:play-services-auth:20.7.0] AndroidManifest.xml:37:13-48
202
203        <activity
203-->[com.google.android.gms:play-services-base:18.0.1] AndroidManifest.xml:20:9-22:45
204            android:name="com.google.android.gms.common.api.GoogleApiActivity"
204-->[com.google.android.gms:play-services-base:18.0.1] AndroidManifest.xml:20:19-85
205            android:exported="false"
205-->[com.google.android.gms:play-services-base:18.0.1] AndroidManifest.xml:22:19-43
206            android:theme="@android:style/Theme.Translucent.NoTitleBar" />
206-->[com.google.android.gms:play-services-base:18.0.1] AndroidManifest.xml:21:19-78
207
208        <provider
208-->[androidx.lifecycle:lifecycle-process:2.7.0] AndroidManifest.xml:24:9-32:20
209            android:name="androidx.startup.InitializationProvider"
209-->[androidx.lifecycle:lifecycle-process:2.7.0] AndroidManifest.xml:25:13-67
210            android:authorities="com.example.agrova.androidx-startup"
210-->[androidx.lifecycle:lifecycle-process:2.7.0] AndroidManifest.xml:26:13-68
211            android:exported="false" >
211-->[androidx.lifecycle:lifecycle-process:2.7.0] AndroidManifest.xml:27:13-37
212            <meta-data
212-->[androidx.lifecycle:lifecycle-process:2.7.0] AndroidManifest.xml:29:13-31:52
213                android:name="androidx.lifecycle.ProcessLifecycleInitializer"
213-->[androidx.lifecycle:lifecycle-process:2.7.0] AndroidManifest.xml:30:17-78
214                android:value="androidx.startup" />
214-->[androidx.lifecycle:lifecycle-process:2.7.0] AndroidManifest.xml:31:17-49
215            <meta-data
215-->[androidx.profileinstaller:profileinstaller:1.3.1] AndroidManifest.xml:29:13-31:52
216                android:name="androidx.profileinstaller.ProfileInstallerInitializer"
216-->[androidx.profileinstaller:profileinstaller:1.3.1] AndroidManifest.xml:30:17-85
217                android:value="androidx.startup" />
217-->[androidx.profileinstaller:profileinstaller:1.3.1] AndroidManifest.xml:31:17-49
218        </provider>
219
220        <meta-data
220-->[com.google.android.gms:play-services-basement:18.4.0] AndroidManifest.xml:6:9-122
221            android:name="com.google.android.gms.version"
221-->[com.google.android.gms:play-services-basement:18.4.0] AndroidManifest.xml:6:20-65
222            android:value="@integer/google_play_services_version" />
222-->[com.google.android.gms:play-services-basement:18.4.0] AndroidManifest.xml:6:66-119
223
224        <receiver
224-->[androidx.profileinstaller:profileinstaller:1.3.1] AndroidManifest.xml:34:9-52:20
225            android:name="androidx.profileinstaller.ProfileInstallReceiver"
225-->[androidx.profileinstaller:profileinstaller:1.3.1] AndroidManifest.xml:35:13-76
226            android:directBootAware="false"
226-->[androidx.profileinstaller:profileinstaller:1.3.1] AndroidManifest.xml:36:13-44
227            android:enabled="true"
227-->[androidx.profileinstaller:profileinstaller:1.3.1] AndroidManifest.xml:37:13-35
228            android:exported="true"
228-->[androidx.profileinstaller:profileinstaller:1.3.1] AndroidManifest.xml:38:13-36
229            android:permission="android.permission.DUMP" >
229-->[androidx.profileinstaller:profileinstaller:1.3.1] AndroidManifest.xml:39:13-57
230            <intent-filter>
230-->[androidx.profileinstaller:profileinstaller:1.3.1] AndroidManifest.xml:40:13-42:29
231                <action android:name="androidx.profileinstaller.action.INSTALL_PROFILE" />
231-->[androidx.profileinstaller:profileinstaller:1.3.1] AndroidManifest.xml:41:17-91
231-->[androidx.profileinstaller:profileinstaller:1.3.1] AndroidManifest.xml:41:25-88
232            </intent-filter>
233            <intent-filter>
233-->[androidx.profileinstaller:profileinstaller:1.3.1] AndroidManifest.xml:43:13-45:29
234                <action android:name="androidx.profileinstaller.action.SKIP_FILE" />
234-->[androidx.profileinstaller:profileinstaller:1.3.1] AndroidManifest.xml:44:17-85
234-->[androidx.profileinstaller:profileinstaller:1.3.1] AndroidManifest.xml:44:25-82
235            </intent-filter>
236            <intent-filter>
236-->[androidx.profileinstaller:profileinstaller:1.3.1] AndroidManifest.xml:46:13-48:29
237                <action android:name="androidx.profileinstaller.action.SAVE_PROFILE" />
237-->[androidx.profileinstaller:profileinstaller:1.3.1] AndroidManifest.xml:47:17-88
237-->[androidx.profileinstaller:profileinstaller:1.3.1] AndroidManifest.xml:47:25-85
238            </intent-filter>
239            <intent-filter>
239-->[androidx.profileinstaller:profileinstaller:1.3.1] AndroidManifest.xml:49:13-51:29
240                <action android:name="androidx.profileinstaller.action.BENCHMARK_OPERATION" />
240-->[androidx.profileinstaller:profileinstaller:1.3.1] AndroidManifest.xml:50:17-95
240-->[androidx.profileinstaller:profileinstaller:1.3.1] AndroidManifest.xml:50:25-92
241            </intent-filter>
242        </receiver> <!-- The activities will be merged into the manifest of the hosting app. -->
243        <activity
243-->[com.google.android.play:core-common:2.0.3] AndroidManifest.xml:14:9-18:65
244            android:name="com.google.android.play.core.common.PlayCoreDialogWrapperActivity"
244-->[com.google.android.play:core-common:2.0.3] AndroidManifest.xml:15:13-93
245            android:exported="false"
245-->[com.google.android.play:core-common:2.0.3] AndroidManifest.xml:16:13-37
246            android:stateNotNeeded="true"
246-->[com.google.android.play:core-common:2.0.3] AndroidManifest.xml:17:13-42
247            android:theme="@style/Theme.PlayCore.Transparent" />
247-->[com.google.android.play:core-common:2.0.3] AndroidManifest.xml:18:13-62
248    </application>
249
250</manifest>